p/226.tif 1 0 0 30 30
p/240.tif 1 0 0 30 30
p/239.tif 1 0 0 30 30
p/238.tif 1 0 0 30 30
p/237.tif 1 0 0 30 30
p/236.tif 1 0 0 30 30
p/235.tif 1 0 0 30 30
p/234.tif 1 0 0 30 30
p/233.tif 1 0 0 30 30
p/232.tif 1 0 0 30 30
p/231.tif 1 0 0 30 30
p/230.tif 1 0 0 30 30
p/229.tif 1 0 0 30 30
p/228.tif 1 0 0 30 30
p/227.tif 1 0 0 30 30
p/225.tif 1 0 0 30 30
p/224.tif 1 0 0 30 30
p/223.tif 1 0 0 30 30
p/222.tif 1 0 0 30 30
p/221.tif 1 0 0 30 30
p/220.tif 1 0 0 30 30
p/219.tif 1 0 0 30 30
p/218.tif 1 0 0 30 30
p/217.tif 1 0 0 30 30
p/216.tif 1 0 0 30 30
p/215.tif 1 0 0 30 30
p/214.tif 1 0 0 30 30
p/213.tif 1 0 0 30 30
p/212.tif 1 0 0 30 30
p/211.tif 1 0 0 30 30
p/180.tif 1 0 0 30 30
p/150.tif 1 0 0 30 30
p/179.tif 1 0 0 30 30
p/178.tif 1 0 0 30 30
p/177.tif 1 0 0 30 30
p/176.tif 1 0 0 30 30
p/175.tif 1 0 0 30 30
p/174.tif 1 0 0 30 30
p/173.tif 1 0 0 30 30
p/172.tif 1 0 0 30 30
p/171.tif 1 0 0 30 30
p/170.tif 1 0 0 30 30
p/169.tif 1 0 0 30 30
p/168.tif 1 0 0 30 30
p/167.tif 1 0 0 30 30
p/166.tif 1 0 0 30 30
p/165.tif 1 0 0 30 30
p/164.tif 1 0 0 30 30
p/163.tif 1 0 0 30 30
p/162.tif 1 0 0 30 30
p/161.tif 1 0 0 30 30
p/160.tif 1 0 0 30 30
p/159.tif 1 0 0 30 30
p/158.tif 1 0 0 30 30
p/157.tif 1 0 0 30 30
p/156.tif 1 0 0 30 30
p/155.tif 1 0 0 30 30
p/154.tif 1 0 0 30 30
p/153.tif 1 0 0 30 30
p/152.tif 1 0 0 30 30
p/151.tif 1 0 0 30 30
p/134.tif 1 0 0 30 30
p/149.tif 1 0 0 30 30
p/148.tif 1 0 0 30 30
p/147.tif 1 0 0 30 30
p/146.tif 1 0 0 30 30
p/145.tif 1 0 0 30 30
p/144.tif 1 0 0 30 30
p/143.tif 1 0 0 30 30
p/142.tif 1 0 0 30 30
p/141.tif 1 0 0 30 30
p/140.tif 1 0 0 30 30
p/139.tif 1 0 0 30 30
p/138.tif 1 0 0 30 30
p/137.tif 1 0 0 30 30
p/136.tif 1 0 0 30 30
p/135.tif 1 0 0 30 30
p/133.tif 1 0 0 30 30
p/119.tif 1 0 0 30 30
p/118.tif 1 0 0 30 30
p/117.tif 1 0 0 30 30
p/128.tif 1 0 0 30 30
p/127.tif 1 0 0 30 30
p/126.tif 1 0 0 30 30
p/125.tif 1 0 0 30 30
p/115.tif 1 0 0 30 30
p/114.tif 1 0 0 30 30
p/113.tif 1 0 0 30 30
p/112.tif 1 0 0 30 30
p/111.tif 1 0 0 30 30
p/110.tif 1 0 0 30 30
p/109.tif 1 0 0 30 30
p/108.tif 1 0 0 30 30
p/107.tif 1 0 0 30 30
p/106.tif 1 0 0 30 30
p/105.tif 1 0 0 30 30
p/104.tif 1 0 0 30 30
p/103.tif 1 0 0 30 30
p/102.tif 1 0 0 30 30
p/101.tif 1 0 0 30 30
p/100.tif 1 0 0 30 30
p/99.tif 1 0 0 30 30
p/98.tif 1 0 0 30 30
p/97.tif 1 0 0 30 30
p/96.tif 1 0 0 30 30
p/43.tif 1 0 0 40 40
p/44.tif 1 0 0 40 40
p/81.tif 1 0 0 40 40
p/82.tif 1 0 0 40 40
p/79.tif 1 0 0 40 40
p/80.tif 1 0 0 40 40
p/77.tif 1 0 0 40 40
p/78.tif 1 0 0 40 40
p/75.tif 1 0 0 40 40
p/76.tif 1 0 0 40 40
p/73.tif 1 0 0 40 40
p/74.tif 1 0 0 40 40
p/71.tif 1 0 0 40 40
p/72.tif 1 0 0 40 40
p/69.tif 1 0 0 40 40
p/70.tif 1 0 0 40 40
p/67.tif 1 0 0 40 40
p/68.tif 1 0 0 40 40
p/65.tif 1 0 0 40 40
p/66.tif 1 0 0 40 40
p/63.tif 1 0 0 40 40
p/64.tif 1 0 0 40 40
p/61.tif 1 0 0 40 40
p/62.tif 1 0 0 40 40
p/59.tif 1 0 0 40 40
p/60.tif 1 0 0 40 40
p/57.tif 1 0 0 40 40
p/58.tif 1 0 0 40 40
p/55.tif 1 0 0 40 40
p/56.tif 1 0 0 40 40
p/53.tif 1 0 0 40 40
p/54.tif 1 0 0 40 40
p/51.tif 1 0 0 40 40
p/52.tif 1 0 0 40 40
p/49.tif 1 0 0 40 40
p/50.tif 1 0 0 40 40
p/47.tif 1 0 0 40 40
p/48.tif 1 0 0 40 40
p/46.tif 1 0 0 40 40
p/86.tif 1 0 0 40 40
p/45.tif 1 0 0 40 40
p/85.tif 1 0 0 40 40
p/22.tif 1 0 0 50 50
p/21.tif 1 0 0 50 50
p/83.tif 1 0 0 40 40
p/84.tif 1 0 0 40 40
p/23.tif 1 0 0 30 30
p/24.tif 1 0 0 30 30
p/87.tif 1 0 0 30 30
p/88.tif 1 0 0 30 30
p/41.tif 1 0 0 30 30
p/42.tif 1 0 0 30 30
p/39.tif 1 0 0 30 30
p/40.tif 1 0 0 30 30
p/37.tif 1 0 0 30 30
p/38.tif 1 0 0 30 30
p/35.tif 1 0 0 30 30
p/36.tif 1 0 0 30 30
p/120.tif 1 0 0 30 30
p/33.tif 1 0 0 30 30
p/34.tif 1 0 0 30 30
p/116.tif 1 0 0 30 30
p/31.tif 1 0 0 30 30
p/32.tif 1 0 0 30 30
p/95.tif 1 0 0 30 30
p/29.tif 1 0 0 30 30
p/30.tif 1 0 0 30 30
p/93.tif 1 0 0 30 30
p/94.tif 1 0 0 30 30
p/27.tif 1 0 0 30 30
p/28.tif 1 0 0 30 30
p/91.tif 1 0 0 30 30
p/92.tif 1 0 0 30 30
p/25.tif 1 0 0 30 30
p/26.tif 1 0 0 30 30
p/89.tif 1 0 0 30 30
p/90.tif 1 0 0 30 30